<?xml version="1.0" encoding="UTF-8"?>
<testng-results ignored="0" total="2" passed="1" failed="1" skipped="0">
  <reporter-output>
  </reporter-output>
  <suite started-at="2023-06-19T21:25:21 IST" name="Default suite" finished-at="2023-06-19T21:25:30 IST" duration-ms="9386">
    <groups>
    </groups>
    <test started-at="2023-06-19T21:25:21 IST" name="Default test" finished-at="2023-06-19T21:25:30 IST" duration-ms="9386">
      <class name="qaTestCases.HomePageTest">
        <test-method is-config="true" signature="setUp()[pri:0, instance:qaTestCases.HomePageTest@6cc4cdb9]" started-at="2023-06-19T21:25:21 IST" name="setUp" finished-at="2023-06-19T21:25:28 IST" duration-ms="7012" status="PASS">
          <reporter-output>
          </reporter-output>
        </test-method> <!-- setUp -->
        <test-method signature="vaateHomepageTitleTest()[pri:0, instance:qaTestCases.HomePageTest@6cc4cdb9]" started-at="2023-06-19T21:25:28 IST" name="vaateHomepageTitleTest" finished-at="2023-06-19T21:25:28 IST" duration-ms="30" status="FAIL">
          <exception class="java.lang.AssertionError">
            <message>
              <![CDATA[expected [Up to 70% off on Online Furniture | Full House Sale - Uran Ladder] but found [Up to 70% off on Online Furniture | Full House Sale - Urban Ladder]]]>
            </message>
            <full-stacktrace>
              <![CDATA[java.lang.AssertionError: expected [Up to 70% off on Online Furniture | Full House Sale - Uran Ladder] but found [Up to 70% off on Online Furniture | Full House Sale - Urban Ladder]
at org.testng.Assert.fail(Assert.java:99)
at org.testng.Assert.failNotEquals(Assert.java:1037)
at org.testng.Assert.assertEqualsImpl(Assert.java:140)
at org.testng.Assert.assertEquals(Assert.java:122)
at org.testng.Assert.assertEquals(Assert.java:629)
at org.testng.Assert.assertEquals(Assert.java:639)
at qaTestCases.HomePageTest.vaateHomepageTitleTest(HomePageTest.java:41)
at java.base/jdk.internal.reflect.NativeMethodAccessorImpl.invoke0(Native Method)
at java.base/jdk.internal.reflect.NativeMethodAccessorImpl.invoke(NativeMethodAccessorImpl.java:77)
at java.base/jdk.internal.reflect.DelegatingMethodAccessorImpl.invoke(DelegatingMethodAccessorImpl.java:43)
at java.base/java.lang.reflect.Method.invoke(Method.java:568)
at org.testng.internal.MethodInvocationHelper.invokeMethod(MethodInvocationHelper.java:133)
at org.testng.internal.TestInvoker.invokeMethod(TestInvoker.java:598)
at org.testng.internal.TestInvoker.invokeTestMethod(TestInvoker.java:173)
at org.testng.internal.MethodRunner.runInSequence(MethodRunner.java:46)
at org.testng.internal.TestInvoker$MethodInvocationAgent.invoke(TestInvoker.java:824)
at org.testng.internal.TestInvoker.invokeTestMethods(TestInvoker.java:146)
at org.testng.internal.TestMethodWorker.invokeTestMethods(TestMethodWorker.java:146)
at org.testng.internal.TestMethodWorker.run(TestMethodWorker.java:128)
at java.base/java.util.ArrayList.forEach(ArrayList.java:1511)
at org.testng.TestRunner.privateRun(TestRunner.java:794)
at org.testng.TestRunner.run(TestRunner.java:596)
at org.testng.SuiteRunner.runTest(SuiteRunner.java:377)
at org.testng.SuiteRunner.runSequentially(SuiteRunner.java:371)
at org.testng.SuiteRunner.privateRun(SuiteRunner.java:332)
at org.testng.SuiteRunner.run(SuiteRunner.java:276)
at org.testng.SuiteRunnerWorker.runSuite(SuiteRunnerWorker.java:53)
at org.testng.SuiteRunnerWorker.run(SuiteRunnerWorker.java:96)
at org.testng.TestNG.runSuitesSequentially(TestNG.java:1212)
at org.testng.TestNG.runSuitesLocally(TestNG.java:1134)
at org.testng.TestNG.runSuites(TestNG.java:1063)
at org.testng.TestNG.run(TestNG.java:1031)
at org.testng.remote.AbstractRemoteTestNG.run(AbstractRemoteTestNG.java:115)
at org.testng.remote.RemoteTestNG.initAndRun(RemoteTestNG.java:251)
at org.testng.remote.RemoteTestNG.main(RemoteTestNG.java:77)
]]>
            </full-stacktrace>
          </exception> <!-- java.lang.AssertionError -->
          <reporter-output>
          </reporter-output>
        </test-method> <!-- vaateHomepageTitleTest -->
        <test-method signature="subMenuTest()[pri:1, instance:qaTestCases.HomePageTest@6cc4cdb9]" started-at="2023-06-19T21:25:28 IST" name="subMenuTest" finished-at="2023-06-19T21:25:29 IST" duration-ms="1515" status="PASS">
          <reporter-output>
          </reporter-output>
        </test-method> <!-- subMenuTest -->
        <test-method is-config="true" signature="close()[pri:0, instance:qaTestCases.HomePageTest@6cc4cdb9]" started-at="2023-06-19T21:25:29 IST" name="close" finished-at="2023-06-19T21:25:30 IST" duration-ms="780" status="PASS">
          <reporter-output>
          </reporter-output>
        </test-method> <!-- close -->
      </class> <!-- qaTestCases.HomePageTest -->
    </test> <!-- Default test -->
  </suite> <!-- Default suite -->
</testng-results>
